<?xml version="1.0" encoding="UTF-8"?>
<!-- Generated by org.testng.reporters.JUnitXMLReporter -->
<testsuite ignored="0" hostname="inlen8520015750" failures="0" tests="5" name="Test" time="59.875" errors="0" timestamp="2024-04-05T10:35:36 IST">
  <testcase classname="Testcases.TC_01_BankMangerLoginTest" name="BankManagerLogin" time="8.401"/>
  <testcase classname="Testcases.TC_02_Customer_DepositTest" name="Customer_Deposit" time="6.681"/>
  <testcase classname="Testcases.TC_03_DepostANDWithdrawTest" name="Deposit_and_withdraw" time="7.689"/>
  <testcase classname="Testcases.TC_04_WithdrawLessthanBalanceTest" name="Withdraw_Higherthan_Balance" time="8.509"/>
  <testcase classname="Testcases.TC_05_MultipleAccountsTest" name="Customer_MultipleAccounts" time="5.764"/>
</testsuite> <!-- Test -->
